0 info it worked if it ends with ok
1 verbose cli [ '/usr/local/bin/node',
1 verbose cli   '/usr/local/bin/npm',
1 verbose cli   'install',
1 verbose cli   'po-volts' ]
2 info using npm@2.11.2
3 info using node@v0.12.6
4 verbose config Skipping project config: /home/pi/.npmrc. (matches userconfig)
5 verbose install initial load of /home/pi/package.json
6 verbose installManyTop reading scoped package data from /home/pi/node_modules/gpio/package.json
7 verbose installManyTop reading scoped package data from /home/pi/node_modules/node-cache/package.json
8 verbose installManyTop reading scoped package data from /home/pi/node_modules/serialport/package.json
9 verbose installManyTop reading scoped package data from /home/pi/node_modules/us-date/package.json
10 info package.json gpio@0.2.7 No license field.
11 info package.json serialport@1.7.4 No license field.
12 verbose readDependencies loading dependencies from /home/pi/package.json
13 silly cache add args [ 'po-volts', null ]
14 verbose cache add spec po-volts
15 silly cache add parsed spec { raw: 'po-volts',
15 silly cache add   scope: null,
15 silly cache add   name: 'po-volts',
15 silly cache add   rawSpec: '',
15 silly cache add   spec: '*',
15 silly cache add   type: 'range' }
16 silly addNamed po-volts@*
17 verbose addNamed "*" is a valid semver range for po-volts
18 silly addNameRange { name: 'po-volts', range: '*', hasData: false }
19 silly mapToRegistry name po-volts
20 silly mapToRegistry using default registry
21 silly mapToRegistry registry https://registry.npmjs.org/
22 silly mapToRegistry uri https://registry.npmjs.org/po-volts
23 verbose addNameRange registry:https://registry.npmjs.org/po-volts not in flight; fetching
24 verbose request uri https://registry.npmjs.org/po-volts
25 verbose request no auth needed
26 info attempt registry request try #1 at 01:04:17
27 verbose request id 61472009c8ccecd0
28 http request GET https://registry.npmjs.org/po-volts
29 http 404 https://registry.npmjs.org/po-volts
30 verbose headers { 'content-type': 'application/json',
30 verbose headers   'cache-control': 'max-age=0',
30 verbose headers   'content-length': '2',
30 verbose headers   'accept-ranges': 'bytes',
30 verbose headers   date: 'Thu, 24 Sep 2015 01:04:18 GMT',
30 verbose headers   via: '1.1 varnish',
30 verbose headers   age: '0',
30 verbose headers   connection: 'keep-alive',
30 verbose headers   'x-served-by': 'cache-jfk1020-JFK',
30 verbose headers   'x-cache': 'MISS',
30 verbose headers   'x-cache-hits': '0',
30 verbose headers   'x-timer': 'S1443056658.054141,VS0,VE23' }
31 silly get cb [ 404,
31 silly get   { 'content-type': 'application/json',
31 silly get     'cache-control': 'max-age=0',
31 silly get     'content-length': '2',
31 silly get     'accept-ranges': 'bytes',
31 silly get     date: 'Thu, 24 Sep 2015 01:04:18 GMT',
31 silly get     via: '1.1 varnish',
31 silly get     age: '0',
31 silly get     connection: 'keep-alive',
31 silly get     'x-served-by': 'cache-jfk1020-JFK',
31 silly get     'x-cache': 'MISS',
31 silly get     'x-cache-hits': '0',
31 silly get     'x-timer': 'S1443056658.054141,VS0,VE23' } ]
32 verbose stack Error: Registry returned 404 for GET on https://registry.npmjs.org/po-volts
32 verbose stack     at CachingRegistryClient.<anonymous> (/usr/local/lib/node_modules/npm/node_modules/npm-registry-client/lib/request.js:239:14)
32 verbose stack     at Request._callback (/usr/local/lib/node_modules/npm/node_modules/npm-registry-client/lib/request.js:170:14)
32 verbose stack     at Request.self.callback (/usr/local/lib/node_modules/npm/node_modules/request/request.js:354:22)
32 verbose stack     at Request.emit (events.js:110:17)
32 verbose stack     at Request.<anonymous> (/usr/local/lib/node_modules/npm/node_modules/request/request.js:1207:14)
32 verbose stack     at Request.emit (events.js:129:20)
32 verbose stack     at IncomingMessage.<anonymous> (/usr/local/lib/node_modules/npm/node_modules/request/request.js:1153:12)
32 verbose stack     at IncomingMessage.emit (events.js:129:20)
32 verbose stack     at _stream_readable.js:908:16
32 verbose stack     at process._tickCallback (node.js:355:11)
33 verbose statusCode 404
34 verbose pkgid po-volts
35 verbose cwd /home/pi/Desktop/Nico_Lab
36 error Linux 4.1.6-v7+
37 error argv "/usr/local/bin/node" "/usr/local/bin/npm" "install" "po-volts"
38 error node v0.12.6
39 error npm  v2.11.2
40 error code E404
41 error 404 Registry returned 404 for GET on https://registry.npmjs.org/po-volts
41 error 404
41 error 404 'po-volts' is not in the npm registry.
41 error 404 You should bug the author to publish it (or use the name yourself!)
41 error 404
41 error 404 Note that you can also install from a
41 error 404 tarball, folder, http url, or git url.
42 verbose exit [ 1, true ]
